<?xml version="1.0" encoding="UTF-8"?>
<robot generator="Robot 7.4.2 (Python 3.11.9 on win32)" generated="2026-04-01T17:25:48.346543" rpa="false" schemaversion="5">
<suite id="s1" name="Valid Login" source="D:\Demo_Pro\robotRPA\Robot_Framwork\login_tests\valid_login.robot">
<test id="s1-t1" name="Valid Login And Stay On Same Page" line="8">
<kw name="Open Browser To Home Page" owner="resource" type="SETUP">
<kw name="Open Browser" owner="SeleniumLibrary">
<msg time="2026-04-01T17:25:48.632052" level="INFO">Opening browser 'chrome' to base url 'https://devaion.com7tracking.com'.</msg>
<arg>${LOGIN URL}</arg>
<arg>${BROWSER}</arg>
<doc>Opens a new browser instance to the optional ``url``.</doc>
<status status="PASS" start="2026-04-01T17:25:48.630465" elapsed="2.598163"/>
</kw>
<kw name="Maximize Browser Window" owner="SeleniumLibrary">
<doc>Maximizes current browser window.</doc>
<status status="PASS" start="2026-04-01T17:25:51.230141" elapsed="0.063653"/>
</kw>
<kw name="Set Selenium Timeout" owner="SeleniumLibrary">
<arg>20s</arg>
<doc>Sets the timeout that is used by various keywords.</doc>
<status status="PASS" start="2026-04-01T17:25:51.293794" elapsed="0.002106"/>
</kw>
<kw name="Set Selenium Implicit Wait" owner="SeleniumLibrary">
<arg>1s</arg>
<doc>Sets the implicit wait value used by Selenium.</doc>
<status status="PASS" start="2026-04-01T17:25:51.296540" elapsed="0.002365"/>
</kw>
<kw name="Wait Until Page Contains Element" owner="SeleniumLibrary">
<arg>${NAVBAR_LOGIN_BTN}</arg>
<arg>20s</arg>
<doc>Waits until the element ``locator`` appears on the current page.</doc>
<status status="PASS" start="2026-04-01T17:25:51.299461" elapsed="0.293391"/>
</kw>
<kw name="Wait For Page Ready" owner="resource">
<kw name="Wait Until Keyword Succeeds" owner="BuiltIn">
<kw name="Execute Javascript" owner="SeleniumLibrary">
<msg time="2026-04-01T17:25:51.598105" level="INFO">Executing JavaScript:
return document.readyState === 'complete'
Without any arguments.</msg>
<arg>return document.readyState === 'complete'</arg>
<doc>Executes the given JavaScript code with possible arguments.</doc>
<status status="PASS" start="2026-04-01T17:25:51.596846" elapsed="0.276891"/>
</kw>
<arg>20s</arg>
<arg>1s</arg>
<arg>Execute Javascript</arg>
<arg>return document.readyState === 'complete'</arg>
<doc>Runs the specified keyword and retries if it fails.</doc>
<status status="PASS" start="2026-04-01T17:25:51.594857" elapsed="0.278880"/>
</kw>
<status status="PASS" start="2026-04-01T17:25:51.593849" elapsed="0.279888"/>
</kw>
<status status="PASS" start="2026-04-01T17:25:48.629142" elapsed="3.244595"/>
</kw>
<kw name="Open Login Form" owner="resource">
<kw name="Wait For Page Ready" owner="resource">
<kw name="Wait Until Keyword Succeeds" owner="BuiltIn">
<kw name="Execute Javascript" owner="SeleniumLibrary">
<msg time="2026-04-01T17:25:51.876819" level="INFO">Executing JavaScript:
return document.readyState === 'complete'
Without any arguments.</msg>
<arg>return document.readyState === 'complete'</arg>
<doc>Executes the given JavaScript code with possible arguments.</doc>
<status status="PASS" start="2026-04-01T17:25:51.876819" elapsed="0.012173"/>
</kw>
<arg>20s</arg>
<arg>1s</arg>
<arg>Execute Javascript</arg>
<arg>return document.readyState === 'complete'</arg>
<doc>Runs the specified keyword and retries if it fails.</doc>
<status status="PASS" start="2026-04-01T17:25:51.875730" elapsed="0.013262"/>
</kw>
<status status="PASS" start="2026-04-01T17:25:51.874734" elapsed="0.014258"/>
</kw>
<kw name="Wait Until Element Clickable" owner="resource">
<kw name="Wait Until Element Is Visible" owner="SeleniumLibrary">
<arg>${locator}</arg>
<arg>${timeout}</arg>
<doc>Waits until the element ``locator`` is visible.</doc>
<status status="PASS" start="2026-04-01T17:25:51.892011" elapsed="0.057455"/>
</kw>
<kw name="Wait Until Element Is Enabled" owner="SeleniumLibrary">
<arg>${locator}</arg>
<arg>${timeout}</arg>
<doc>Waits until the element ``locator`` is enabled.</doc>
<status status="PASS" start="2026-04-01T17:25:51.949466" elapsed="0.048867"/>
</kw>
<kw name="Scroll Element Into View" owner="SeleniumLibrary">
<arg>${locator}</arg>
<doc>Scrolls the element identified by ``locator`` into view.</doc>
<status status="PASS" start="2026-04-01T17:25:51.998873" elapsed="0.287459"/>
</kw>
<kw name="Sleep" owner="BuiltIn">
<msg time="2026-04-01T17:25:52.786750" level="INFO">Slept 500 milliseconds.</msg>
<arg>0.5s</arg>
<doc>Pauses the test executed for the given time.</doc>
<status status="PASS" start="2026-04-01T17:25:52.286332" elapsed="0.500418"/>
</kw>
<arg>${NAVBAR_LOGIN_BTN}</arg>
<arg>20s</arg>
<status status="PASS" start="2026-04-01T17:25:51.890015" elapsed="0.896735"/>
</kw>
<kw name="Run Keyword And Return Status" owner="BuiltIn">
<kw name="Click Element" owner="SeleniumLibrary">
<msg time="2026-04-01T17:25:52.787809" level="INFO">Clicking element 'id=dropdownNavbarLink'.</msg>
<arg>${NAVBAR_LOGIN_BTN}</arg>
<doc>Click the element identified by ``locator``.</doc>
<status status="PASS" start="2026-04-01T17:25:52.787279" elapsed="0.088642"/>
</kw>
<msg time="2026-04-01T17:25:52.875921" level="INFO">${clicked} = True</msg>
<var>${clicked}</var>
<arg>Click Element</arg>
<arg>${NAVBAR_LOGIN_BTN}</arg>
<doc>Runs the specified keyword and returns the status as a Boolean value.</doc>
<status status="PASS" start="2026-04-01T17:25:52.787279" elapsed="0.088642"/>
</kw>
<if>
<branch type="IF" condition="not ${clicked}">
<kw name="Execute Javascript" owner="SeleniumLibrary">
<arg>document.getElementById('dropdownNavbarLink').click();</arg>
<doc>Executes the given JavaScript code with possible arguments.</doc>
<status status="NOT RUN" start="2026-04-01T17:25:52.875921" elapsed="0.000000"/>
</kw>
<status status="NOT RUN" start="2026-04-01T17:25:52.875921" elapsed="0.000000"/>
</branch>
<status status="PASS" start="2026-04-01T17:25:52.875921" elapsed="0.000000"/>
</if>
<kw name="Wait Until Element Is Visible" owner="SeleniumLibrary">
<arg>${USERNAME_INPUT}</arg>
<arg>20s</arg>
<doc>Waits until the element ``locator`` is visible.</doc>
<status status="PASS" start="2026-04-01T17:25:52.875921" elapsed="0.025697"/>
</kw>
<kw name="Wait Until Element Is Visible" owner="SeleniumLibrary">
<arg>${PASSWORD_INPUT}</arg>
<arg>20s</arg>
<doc>Waits until the element ``locator`` is visible.</doc>
<status status="PASS" start="2026-04-01T17:25:52.901618" elapsed="0.025135"/>
</kw>
<kw name="Wait Until Element Is Visible" owner="SeleniumLibrary">
<arg>${MODAL_SUBMIT_LOGIN_BTN}</arg>
<arg>20s</arg>
<doc>Waits until the element ``locator`` is visible.</doc>
<status status="PASS" start="2026-04-01T17:25:52.926753" elapsed="0.038019"/>
</kw>
<status status="PASS" start="2026-04-01T17:25:51.874734" elapsed="1.090038"/>
</kw>
<kw name="Input Username" owner="resource">
<kw name="Wait Until Element Is Visible" owner="SeleniumLibrary">
<arg>${USERNAME_INPUT}</arg>
<arg>20s</arg>
<doc>Waits until the element ``locator`` is visible.</doc>
<status status="PASS" start="2026-04-01T17:25:52.966771" elapsed="0.022650"/>
</kw>
<kw name="Clear Element Text" owner="SeleniumLibrary">
<arg>${USERNAME_INPUT}</arg>
<doc>Clears the value of the text-input-element identified by ``locator``.</doc>
<status status="PASS" start="2026-04-01T17:25:52.989421" elapsed="0.052089"/>
</kw>
<kw name="Input Text" owner="SeleniumLibrary">
<msg time="2026-04-01T17:25:53.041510" level="INFO">Typing text 'GI10038' into text field 'id=login-username'.</msg>
<arg>${USERNAME_INPUT}</arg>
<arg>${username}</arg>
<doc>Types the given ``text`` into the text field identified by ``locator``.</doc>
<status status="PASS" start="2026-04-01T17:25:53.041510" elapsed="0.199562"/>
</kw>
<kw name="Execute Javascript" owner="SeleniumLibrary">
<msg time="2026-04-01T17:25:53.242238" level="INFO">Executing JavaScript:
const el = document.getElementById('login-username');el.focus();el.dispatchEvent(new Event('input', { bubbles: true }));el.dispatchEvent(new Event('change', { bubbles: true }));
Without any arguments.</msg>
<arg>const el = document.getElementById('login-username');</arg>
<arg>el.focus();</arg>
<arg>el.dispatchEvent(new Event('input', { bubbles: true }));</arg>
<arg>el.dispatchEvent(new Event('change', { bubbles: true }));</arg>
<doc>Executes the given JavaScript code with possible arguments.</doc>
<status status="PASS" start="2026-04-01T17:25:53.241607" elapsed="0.014441"/>
</kw>
<arg>${VALID USER}</arg>
<status status="PASS" start="2026-04-01T17:25:52.965866" elapsed="0.290933"/>
</kw>
<kw name="Input Password" owner="resource">
<kw name="Wait Until Element Is Visible" owner="SeleniumLibrary">
<arg>${PASSWORD_INPUT}</arg>
<arg>20s</arg>
<doc>Waits until the element ``locator`` is visible.</doc>
<status status="PASS" start="2026-04-01T17:25:53.258116" elapsed="0.028812"/>
</kw>
<kw name="Clear Element Text" owner="SeleniumLibrary">
<arg>${PASSWORD_INPUT}</arg>
<doc>Clears the value of the text-input-element identified by ``locator``.</doc>
<status status="PASS" start="2026-04-01T17:25:53.286928" elapsed="0.051674"/>
</kw>
<kw name="Input Text" owner="SeleniumLibrary">
<msg time="2026-04-01T17:25:53.339152" level="INFO">Typing text 'GI10038' into text field 'id=login-password'.</msg>
<arg>${PASSWORD_INPUT}</arg>
<arg>${password}</arg>
<doc>Types the given ``text`` into the text field identified by ``locator``.</doc>
<status status="PASS" start="2026-04-01T17:25:53.338602" elapsed="0.119960"/>
</kw>
<kw name="Execute Javascript" owner="SeleniumLibrary">
<msg time="2026-04-01T17:25:53.458562" level="INFO">Executing JavaScript:
const el = document.getElementById('login-password');el.focus();el.dispatchEvent(new Event('input', { bubbles: true }));el.dispatchEvent(new Event('change', { bubbles: true }));el.dispatchEvent(new Event('blur', { bubbles: true }));
Without any arguments.</msg>
<arg>const el = document.getElementById('login-password');</arg>
<arg>el.focus();</arg>
<arg>el.dispatchEvent(new Event('input', { bubbles: true }));</arg>
<arg>el.dispatchEvent(new Event('change', { bubbles: true }));</arg>
<arg>el.dispatchEvent(new Event('blur', { bubbles: true }));</arg>
<doc>Executes the given JavaScript code with possible arguments.</doc>
<status status="PASS" start="2026-04-01T17:25:53.458562" elapsed="0.009371"/>
</kw>
<arg>${VALID PASSWORD}</arg>
<status status="PASS" start="2026-04-01T17:25:53.257339" elapsed="0.210594"/>
</kw>
<kw name="Submit Login" owner="resource">
<kw name="Enable Submit If Needed" owner="resource">
<kw name="Execute Javascript" owner="SeleniumLibrary">
<msg time="2026-04-01T17:25:53.470297" level="INFO">Executing JavaScript:
const btn = document.evaluate("//input[@id='login-password']/ancestor::div[contains(@class,'space-y-6')]//button[normalize-space()='เข้าสู่ระบบ']", document, null, XPathResult.FIRST_ORDERED_NODE_TYPE, null).singleNodeValue;return btn ? btn.disabled : null;
Without any arguments.</msg>
<msg time="2026-04-01T17:25:53.479100" level="INFO">${disabled} = False</msg>
<var>${disabled}</var>
<arg>const btn = document.evaluate("//input[@id='login-password']/ancestor::div[contains(@class,'space-y-6')]//button[normalize-space()='เข้าสู่ระบบ']", document, null, XPathResult.FIRST_ORDERED_NODE_TYPE, null).singleNodeValue;</arg>
<arg>return btn ? btn.disabled : null;</arg>
<doc>Executes the given JavaScript code with possible arguments.</doc>
<status status="PASS" start="2026-04-01T17:25:53.470297" elapsed="0.008803"/>
</kw>
<kw name="Log To Console" owner="BuiltIn">
<arg>Modal submit disabled before click: ${disabled}</arg>
<doc>Logs the given message to the console.</doc>
<status status="PASS" start="2026-04-01T17:25:53.479659" elapsed="0.000550"/>
</kw>
<if>
<branch type="IF" condition="'${disabled}' == 'True'">
<kw name="Press Keys" owner="SeleniumLibrary">
<arg>${PASSWORD_INPUT}</arg>
<arg>TAB</arg>
<doc>Simulates the user pressing key(s) to an element or on the active browser.</doc>
<status status="NOT RUN" start="2026-04-01T17:25:53.480209" elapsed="0.000550"/>
</kw>
<kw name="Sleep" owner="BuiltIn">
<arg>1s</arg>
<doc>Pauses the test executed for the given time.</doc>
<status status="NOT RUN" start="2026-04-01T17:25:53.480759" elapsed="0.000000"/>
</kw>
<kw name="Execute Javascript" owner="SeleniumLibrary">
<var>${disabled_after_tab}</var>
<arg>const btn = document.evaluate("//input[@id='login-password']/ancestor::div[contains(@class,'space-y-6')]//button[normalize-space()='เข้าสู่ระบบ']", document, null, XPathResult.FIRST_ORDERED_NODE_TYPE, null).singleNodeValue;</arg>
<arg>return btn ? btn.disabled : null;</arg>
<doc>Executes the given JavaScript code with possible arguments.</doc>
<status status="NOT RUN" start="2026-04-01T17:25:53.480759" elapsed="0.000540"/>
</kw>
<kw name="Log To Console" owner="BuiltIn">
<arg>Modal submit disabled after TAB: ${disabled_after_tab}</arg>
<doc>Logs the given message to the console.</doc>
<status status="NOT RUN" start="2026-04-01T17:25:53.481299" elapsed="0.000000"/>
</kw>
<status status="NOT RUN" start="2026-04-01T17:25:53.480209" elapsed="0.001090"/>
</branch>
<status status="PASS" start="2026-04-01T17:25:53.480209" elapsed="0.001090"/>
</if>
<status status="PASS" start="2026-04-01T17:25:53.469630" elapsed="0.011669"/>
</kw>
<kw name="Wait Until Element Clickable" owner="resource">
<kw name="Wait Until Element Is Visible" owner="SeleniumLibrary">
<arg>${locator}</arg>
<arg>${timeout}</arg>
<doc>Waits until the element ``locator`` is visible.</doc>
<status status="PASS" start="2026-04-01T17:25:53.482377" elapsed="0.026308"/>
</kw>
<kw name="Wait Until Element Is Enabled" owner="SeleniumLibrary">
<arg>${locator}</arg>
<arg>${timeout}</arg>
<doc>Waits until the element ``locator`` is enabled.</doc>
<status status="PASS" start="2026-04-01T17:25:53.509700" elapsed="0.032971"/>
</kw>
<kw name="Scroll Element Into View" owner="SeleniumLibrary">
<arg>${locator}</arg>
<doc>Scrolls the element identified by ``locator`` into view.</doc>
<status status="PASS" start="2026-04-01T17:25:53.543672" elapsed="0.297427"/>
</kw>
<kw name="Sleep" owner="BuiltIn">
<msg time="2026-04-01T17:25:54.341241" level="INFO">Slept 500 milliseconds.</msg>
<arg>0.5s</arg>
<doc>Pauses the test executed for the given time.</doc>
<status status="PASS" start="2026-04-01T17:25:53.841099" elapsed="0.500142"/>
</kw>
<arg>${MODAL_SUBMIT_LOGIN_BTN}</arg>
<arg>20s</arg>
<status status="PASS" start="2026-04-01T17:25:53.481822" elapsed="0.859419"/>
</kw>
<kw name="Run Keyword And Return Status" owner="BuiltIn">
<kw name="Click Element" owner="SeleniumLibrary">
<msg time="2026-04-01T17:25:54.342249" level="INFO">Clicking element 'xpath=//input[@id='login-password']/ancestor::div[contains(@class,'space-y-6')]//button[normalize-space()='เข้าสู่ระบบ']'.</msg>
<arg>${MODAL_SUBMIT_LOGIN_BTN}</arg>
<doc>Click the element identified by ``locator``.</doc>
<status status="PASS" start="2026-04-01T17:25:54.342249" elapsed="0.071752"/>
</kw>
<msg time="2026-04-01T17:25:54.414996" level="INFO">${clicked} = True</msg>
<var>${clicked}</var>
<arg>Click Element</arg>
<arg>${MODAL_SUBMIT_LOGIN_BTN}</arg>
<doc>Runs the specified keyword and returns the status as a Boolean value.</doc>
<status status="PASS" start="2026-04-01T17:25:54.341241" elapsed="0.073755"/>
</kw>
<if>
<branch type="IF" condition="not ${clicked}">
<kw name="Log To Console" owner="BuiltIn">
<arg>Normal modal submit click failed. Using JavaScript click.</arg>
<doc>Logs the given message to the console.</doc>
<status status="NOT RUN" start="2026-04-01T17:25:54.414996" elapsed="0.000000"/>
</kw>
<kw name="Execute Javascript" owner="SeleniumLibrary">
<arg>const btn = document.evaluate("//input[@id='login-password']/ancestor::div[contains(@class,'space-y-6')]//button[normalize-space()='เข้าสู่ระบบ']", document, null, XPathResult.FIRST_ORDERED_NODE_TYPE, null).singleNodeValue;</arg>
<arg>if (btn) btn.click();</arg>
<doc>Executes the given JavaScript code with possible arguments.</doc>
<status status="NOT RUN" start="2026-04-01T17:25:54.416001" elapsed="0.000000"/>
</kw>
<status status="NOT RUN" start="2026-04-01T17:25:54.414996" elapsed="0.001005"/>
</branch>
<status status="PASS" start="2026-04-01T17:25:54.414996" elapsed="0.001005"/>
</if>
<kw name="Sleep" owner="BuiltIn">
<msg time="2026-04-01T17:25:57.417200" level="INFO">Slept 3 seconds.</msg>
<arg>3s</arg>
<doc>Pauses the test executed for the given time.</doc>
<status status="PASS" start="2026-04-01T17:25:54.416001" elapsed="3.001199"/>
</kw>
<status status="PASS" start="2026-04-01T17:25:53.468498" elapsed="3.948702"/>
</kw>
<kw name="Wait For Login Success On Same Page" owner="resource">
<kw name="Wait For Page Ready" owner="resource">
<kw name="Wait Until Keyword Succeeds" owner="BuiltIn">
<kw name="Execute Javascript" owner="SeleniumLibrary">
<msg time="2026-04-01T17:25:57.418209" level="INFO">Executing JavaScript:
return document.readyState === 'complete'
Without any arguments.</msg>
<arg>return document.readyState === 'complete'</arg>
<doc>Executes the given JavaScript code with possible arguments.</doc>
<status status="PASS" start="2026-04-01T17:25:57.418209" elapsed="0.004517"/>
</kw>
<arg>20s</arg>
<arg>1s</arg>
<arg>Execute Javascript</arg>
<arg>return document.readyState === 'complete'</arg>
<doc>Runs the specified keyword and retries if it fails.</doc>
<status status="PASS" start="2026-04-01T17:25:57.418209" elapsed="0.004517"/>
</kw>
<status status="PASS" start="2026-04-01T17:25:57.418209" elapsed="0.005612"/>
</kw>
<kw name="Wait Until Keyword Succeeds" owner="BuiltIn">
<kw name="Check Login UI" owner="resource">
<kw name="Run Keyword And Return Status" owner="BuiltIn">
<kw name="Page Should Contain Element" owner="SeleniumLibrary">
<msg time="2026-04-01T17:25:57.436029" level="INFO">Current page contains element 'xpath=//a[@href='/stock']'.</msg>
<arg>${STOCK_LINK}</arg>
<doc>Verifies that element ``locator`` is found on the current page.</doc>
<status status="PASS" start="2026-04-01T17:25:57.424820" elapsed="0.011209"/>
</kw>
<msg time="2026-04-01T17:25:57.437031" level="INFO">${stock} = True</msg>
<var>${stock}</var>
<arg>Page Should Contain Element</arg>
<arg>${STOCK_LINK}</arg>
<doc>Runs the specified keyword and returns the status as a Boolean value.</doc>
<status status="PASS" start="2026-04-01T17:25:57.423821" elapsed="0.013210"/>
</kw>
<kw name="Run Keyword And Return Status" owner="BuiltIn">
<kw name="Page Should Contain Element" owner="SeleniumLibrary">
<msg time="2026-04-01T17:25:57.448543" level="INFO">Current page contains element 'xpath=//button[@id='dropdownNavbarLink' and not(contains(normalize-space(.),'เข้าสู่ระบบ'))]'.</msg>
<arg>${LOGGED_IN_USER_BUTTON}</arg>
<doc>Verifies that element ``locator`` is found on the current page.</doc>
<status status="PASS" start="2026-04-01T17:25:57.437031" elapsed="0.011512"/>
</kw>
<msg time="2026-04-01T17:25:57.448543" level="INFO">${user} = True</msg>
<var>${user}</var>
<arg>Page Should Contain Element</arg>
<arg>${LOGGED_IN_USER_BUTTON}</arg>
<doc>Runs the specified keyword and returns the status as a Boolean value.</doc>
<status status="PASS" start="2026-04-01T17:25:57.437031" elapsed="0.011512"/>
</kw>
<kw name="Log To Console" owner="BuiltIn">
<arg>stock=${stock} | user=${user}</arg>
<doc>Logs the given message to the console.</doc>
<status status="PASS" start="2026-04-01T17:25:57.448543" elapsed="0.001586"/>
</kw>
<if>
<branch type="IF" condition="${stock}">
<return>
<status status="PASS" start="2026-04-01T17:25:57.450638" elapsed="0.000000"/>
</return>
<status status="PASS" start="2026-04-01T17:25:57.450638" elapsed="0.000000"/>
</branch>
<status status="PASS" start="2026-04-01T17:25:57.450638" elapsed="0.000000"/>
</if>
<if>
<branch type="IF" condition="${user}">
<return>
<status status="NOT RUN" start="2026-04-01T17:25:57.450638" elapsed="0.000000"/>
</return>
<status status="NOT RUN" start="2026-04-01T17:25:57.450638" elapsed="0.000000"/>
</branch>
<status status="NOT RUN" start="2026-04-01T17:25:57.450638" elapsed="0.000000"/>
</if>
<kw name="Fail" owner="BuiltIn">
<arg>UI not updated yet</arg>
<doc>Fails the test with the given message and optionally alters its tags.</doc>
<status status="NOT RUN" start="2026-04-01T17:25:57.450638" elapsed="0.000000"/>
</kw>
<status status="PASS" start="2026-04-01T17:25:57.423821" elapsed="0.026817"/>
</kw>
<arg>30s</arg>
<arg>2s</arg>
<arg>Check Login UI</arg>
<doc>Runs the specified keyword and retries if it fails.</doc>
<status status="PASS" start="2026-04-01T17:25:57.423821" elapsed="0.026817"/>
</kw>
<status status="PASS" start="2026-04-01T17:25:57.417200" elapsed="0.033438"/>
</kw>
<kw name="Page Should Stay On Home After Login" owner="resource">
<kw name="Get Location" owner="SeleniumLibrary">
<msg time="2026-04-01T17:25:57.458170" level="INFO">${current_url} = https://devaion.com7tracking.com/</msg>
<var>${current_url}</var>
<doc>Returns the current browser window URL.</doc>
<status status="PASS" start="2026-04-01T17:25:57.451652" elapsed="0.006518"/>
</kw>
<kw name="Evaluate" owner="BuiltIn">
<msg time="2026-04-01T17:25:57.458170" level="INFO">${normalized_url} = https://devaion.com7tracking.com</msg>
<var>${normalized_url}</var>
<arg>"""${current_url}""".strip().rstrip('/')</arg>
<doc>Evaluates the given expression in Python and returns the result.</doc>
<status status="PASS" start="2026-04-01T17:25:57.458170" elapsed="0.000000"/>
</kw>
<kw name="Evaluate" owner="BuiltIn">
<msg time="2026-04-01T17:25:57.459676" level="INFO">${normalized_home} = https://devaion.com7tracking.com</msg>
<var>${normalized_home}</var>
<arg>"""${LOGIN URL}""".strip().rstrip('/')</arg>
<doc>Evaluates the given expression in Python and returns the result.</doc>
<status status="PASS" start="2026-04-01T17:25:57.458170" elapsed="0.001506"/>
</kw>
<kw name="Should Be Equal" owner="BuiltIn">
<arg>${normalized_url}</arg>
<arg>${normalized_home}</arg>
<doc>Fails if the given objects are unequal.</doc>
<status status="PASS" start="2026-04-01T17:25:57.459676" elapsed="0.000000"/>
</kw>
<status status="PASS" start="2026-04-01T17:25:57.451652" elapsed="0.009030"/>
</kw>
<kw name="Sleep" owner="BuiltIn">
<msg time="2026-04-01T17:26:17.460741" level="INFO">Slept 20 seconds.</msg>
<arg>20s</arg>
<doc>Pauses the test executed for the given time.</doc>
<status status="PASS" start="2026-04-01T17:25:57.460682" elapsed="20.000059"/>
</kw>
<kw name="No Operation" owner="BuiltIn" type="TEARDOWN">
<doc>Does absolutely nothing.</doc>
<status status="PASS" start="2026-04-01T17:26:17.461752" elapsed="0.000000"/>
</kw>
<status status="PASS" start="2026-04-01T17:25:48.627465" elapsed="28.835286"/>
</test>
<doc>Login Test Suite</doc>
<status status="PASS" start="2026-04-01T17:25:48.349054" elapsed="29.114321"/>
</suite>
<statistics>
<total>
<stat pass="1" fail="0" skip="0">All Tests</stat>
</total>
<tag>
</tag>
<suite>
<stat name="Valid Login" id="s1" pass="1" fail="0" skip="0">Valid Login</stat>
</suite>
</statistics>
<errors>
</errors>
</robot>
